###############################################################
#  Generated by:      Cadence Innovus 23.12-s091_1
#  OS:                Linux x86_64(Host ID toolsession-0156-5cd8464d69-zdwk2)
#  Generated on:      Sun Dec  7 17:39:31 2025
#  Design:            GCN
#  Command:           report_timing -early -max_paths 3 > GCN_worst_hold.rpt
###############################################################
Path 1: MET Hold Check with Pin coo_row_reg_0__1_/CLK 
Endpoint:   coo_row_reg_0__1_/D (v) checked with  leading edge of 'clk'
Beginpoint: coo_in[3]           (^) triggered by  leading edge of '@'
Path Groups: {clk}
Analysis View: default_hold_view
Other End Arrival Time         38.913
+ Hold                         28.067
+ Phase Shift                   0.000
+ Uncertainty                   0.010
= Required Time                66.990
  Arrival Time                 68.200
  Slack Time                    1.210
     Clock Rise Edge                      0.000
     + Input Delay                        0.000
     = Beginpoint Arrival Time            0.000
     +------------------------------------------------------------------------------------------+ 
     |     Instance      |     Arc     |           Cell           |  Delay | Arrival | Required | 
     |                   |             |                          |        |  Time   |   Time   | 
     |-------------------+-------------+--------------------------+--------+---------+----------| 
     |                   | coo_in[3] ^ |                          |        |   0.000 |   -1.210 | 
     | U9215             | A1 ^ -> Y v | OAI21xp33_ASAP7_75t_R    | 34.200 |  34.200 |   32.990 | 
     | U16409            | B v -> Y ^  | NAND3xp33_ASAP7_75t_R    | 21.900 |  56.100 |   54.890 | 
     | U16410            | C ^ -> Y v  | A2O1A1Ixp33_ASAP7_75t_R  | 12.100 |  68.200 |   66.990 | 
     | coo_row_reg_0__1_ | D v         | ASYNC_DFFHx1_ASAP7_75t_R |  0.000 |  68.200 |   66.990 | 
     +------------------------------------------------------------------------------------------+ 
Path 2: MET Hold Check with Pin coo_row_reg_2__0_/CLK 
Endpoint:   coo_row_reg_2__0_/D (v) checked with  leading edge of 'clk'
Beginpoint: coo_in[3]           (^) triggered by  leading edge of '@'
Path Groups: {clk}
Analysis View: default_hold_view
Other End Arrival Time         37.513
+ Hold                         27.968
+ Phase Shift                   0.000
+ Uncertainty                   0.010
= Required Time                65.491
  Arrival Time                 68.800
  Slack Time                    3.309
     Clock Rise Edge                      0.000
     + Input Delay                        0.000
     = Beginpoint Arrival Time            0.000
     +------------------------------------------------------------------------------------------+ 
     |     Instance      |     Arc     |           Cell           |  Delay | Arrival | Required | 
     |                   |             |                          |        |  Time   |   Time   | 
     |-------------------+-------------+--------------------------+--------+---------+----------| 
     |                   | coo_in[3] ^ |                          |        |   0.000 |   -3.309 | 
     | U9206             | A ^ -> Y v  | INVxp33_ASAP7_75t_R      | 32.700 |  32.700 |   29.391 | 
     | U16417            | B v -> Y ^  | NAND3xp33_ASAP7_75t_R    | 23.700 |  56.400 |   53.091 | 
     | U16418            | C ^ -> Y v  | A2O1A1Ixp33_ASAP7_75t_R  | 12.400 |  68.800 |   65.491 | 
     | coo_row_reg_2__0_ | D v         | ASYNC_DFFHx1_ASAP7_75t_R |  0.000 |  68.800 |   65.491 | 
     +------------------------------------------------------------------------------------------+ 
Path 3: MET Hold Check with Pin coo_col_reg_0__1_/CLK 
Endpoint:   coo_col_reg_0__1_/D (v) checked with  leading edge of 'clk'
Beginpoint: coo_in[1]           (^) triggered by  leading edge of '@'
Path Groups: {clk}
Analysis View: default_hold_view
Other End Arrival Time         39.013
+ Hold                         28.184
+ Phase Shift                   0.000
+ Uncertainty                   0.010
= Required Time                67.207
  Arrival Time                 71.800
  Slack Time                    4.593
     Clock Rise Edge                      0.000
     + Input Delay                        0.000
     = Beginpoint Arrival Time            0.000
     +------------------------------------------------------------------------------------------+ 
     |     Instance      |     Arc     |           Cell           |  Delay | Arrival | Required | 
     |                   |             |                          |        |  Time   |   Time   | 
     |-------------------+-------------+--------------------------+--------+---------+----------| 
     |                   | coo_in[1] ^ |                          |        |   0.000 |   -4.593 | 
     | U9219             | A2 ^ -> Y v | OAI21xp33_ASAP7_75t_R    | 39.200 |  39.200 |   34.607 | 
     | U16411            | B v -> Y ^  | NAND3xp33_ASAP7_75t_R    | 21.000 |  60.200 |   55.607 | 
     | U16412            | C ^ -> Y v  | A2O1A1Ixp33_ASAP7_75t_R  | 11.600 |  71.800 |   67.207 | 
     | coo_col_reg_0__1_ | D v         | ASYNC_DFFHx1_ASAP7_75t_R |  0.000 |  71.800 |   67.207 | 
     +------------------------------------------------------------------------------------------+ 

