###############################################################
#  Generated by:      Cadence Innovus 23.12-s091_1
#  OS:                Linux x86_64(Host ID toolsession-0156-5cd8464d69-zdwk2)
#  Generated on:      Sun Dec  7 17:13:28 2025
#  Design:            GCN
#  Command:           report_timing -max_paths 3 > GCN_worst_setup.rpt
###############################################################
Path 1: MET Setup Check with Pin adjacency_product_reg_4__0__15_/CLK 
Endpoint:   adjacency_product_reg_4__0__15_/D (^) checked with  leading edge of 
'clk'
Beginpoint: check2_reg_0_/QN                  (^) triggered by  leading edge of 
'clk'
Path Groups: {clk}
Analysis View: default_setup_view
Other End Arrival Time        168.000
- Setup                         6.783
+ Phase Shift                 1000.000
- Uncertainty                   0.010
= Required Time               1161.207
- Arrival Time                1146.619
= Slack Time                   14.588
     Clock Rise Edge                 0.000
     + Clock Network Latency (Prop)  -36.081
     = Beginpoint Arrival Time       -36.081
     +------------------------------------------------------------------------------------------------------------+ 
     |            Instance             |      Arc      |           Cell           |  Delay  |  Arrival | Required | 
     |                                 |               |                          |         |   Time   |   Time   | 
     |---------------------------------+---------------+--------------------------+---------+----------+----------| 
     | check2_reg_0_                   | CLK ^         |                          |         |  -36.081 |  -21.493 | 
     | check2_reg_0_                   | CLK ^ -> QN ^ | ASYNC_DFFHx1_ASAP7_75t_R | 104.600 |   68.519 |   83.107 | 
     | U10346                          | A ^ -> Y v    | NOR2xp33_ASAP7_75t_R     |  45.700 |  114.219 |  128.807 | 
     | U10348                          | A v -> Y ^    | NAND2xp5_ASAP7_75t_R     |  50.100 |  164.319 |  178.907 | 
     | U7372                           | A2 ^ -> Y v   | OAI21xp5_ASAP7_75t_R     |  26.100 |  190.419 |  205.007 | 
     | U10364                          | A v -> Y ^    | NOR3xp33_ASAP7_75t_R     |  22.800 |  213.219 |  227.807 | 
     | U10365                          | B ^ -> Y v    | OAI21xp5_ASAP7_75t_R     |  24.600 |  237.819 |  252.407 | 
     | U10413                          | B v -> Y ^    | NOR2xp33_ASAP7_75t_R     |  46.900 |  284.719 |  299.307 | 
     | U7349                           | B ^ -> Y v    | NAND2xp5_ASAP7_75t_R     |  77.500 |  362.219 |  376.807 | 
     | FE_OFC6958_n10807               | A v -> Y v    | BUFx2_ASAP7_75t_R        |  72.400 |  434.619 |  449.207 | 
     | U15830                          | B v -> Y ^    | NOR2xp33_ASAP7_75t_R     |  48.900 |  483.519 |  498.107 | 
     | U15832                          | B ^ -> Y v    | NOR3xp33_ASAP7_75t_R     |  17.000 |  500.519 |  515.107 | 
     | U15833                          | B v -> Y ^    | OAI21xp33_ASAP7_75t_R    |  14.000 |  514.519 |  529.107 | 
     | U15836                          | A ^ -> Y v    | NOR3xp33_ASAP7_75t_R     |  27.100 |  541.619 |  556.207 | 
     | FE_RC_22306_0                   | B v -> Y ^    | NAND2xp5_ASAP7_75t_R     |  20.200 |  561.819 |  576.407 | 
     | FE_RC_22305_0                   | A ^ -> Y v    | INVxp67_ASAP7_75t_R      |  13.300 |  575.119 |  589.707 | 
     | FE_RC_22304_0                   | A1 v -> Y ^   | OAI21xp5_ASAP7_75t_R     |  31.900 |  607.019 |  621.607 | 
     | FE_OFC4969_add_x_21_n29         | A ^ -> Y v    | INVx1_ASAP7_75t_R        |  14.600 |  621.619 |  636.207 | 
     | FE_RC_14980_0                   | B v -> Y v    | AND2x2_ASAP7_75t_R       |  23.400 |  645.019 |  659.607 | 
     | FE_RC_14976_0                   | A1 v -> Y ^   | OAI31xp67_ASAP7_75t_R    |  29.500 |  674.519 |  689.107 | 
     | FE_RC_14674_0                   | A1 ^ -> Y v   | OAI21xp5_ASAP7_75t_R     |  44.700 |  719.219 |  733.807 | 
     | FE_RC_11812_0                   | B2 v -> Y v   | AO221x1_ASAP7_75t_R      |  48.200 |  767.419 |  782.007 | 
     | FE_RC_16104_0                   | A2 v -> Y ^   | OAI21xp5_ASAP7_75t_R     |  29.900 |  797.319 |  811.907 | 
     | FE_RC_22321_0                   | A2 ^ -> Y v   | OAI21xp5_ASAP7_75t_R     |  30.000 |  827.319 |  841.907 | 
     | add_x_21_U12                    | CI v -> CON ^ | FAx1_ASAP7_75t_R         |  37.600 |  864.919 |  879.507 | 
     | add_x_21_U11                    | CI ^ -> CON v | FAx1_ASAP7_75t_R         |  38.700 |  903.619 |  918.207 | 
     | add_x_21_U7                     | CI v -> CON ^ | FAx1_ASAP7_75t_R         |  45.600 |  949.219 |  963.807 | 
     | FE_RC_2913_0                    | A2 ^ -> Y v   | OAI21xp5_ASAP7_75t_R     |  27.500 |  976.719 |  991.307 | 
     | FE_RC_2886_0                    | B v -> Y ^    | NAND2xp5_ASAP7_75t_R     |  16.600 |  993.319 | 1007.907 | 
     | U12480                          | C ^ -> Y v    | A2O1A1Ixp33_ASAP7_75t_R  |  31.200 | 1024.519 | 1039.107 | 
     | FE_RC_10749_0                   | B v -> Y ^    | NAND2xp5_ASAP7_75t_R     |  22.000 | 1046.519 | 1061.107 | 
     | U12482                          | C ^ -> Y v    | A2O1A1Ixp33_ASAP7_75t_R  |  39.500 | 1086.019 | 1100.607 | 
     | U12570                          | A v -> Y ^    | NOR2xp33_ASAP7_75t_R     |  21.200 | 1107.219 | 1121.807 | 
     | U12572                          | A ^ -> Y v    | NOR2xp33_ASAP7_75t_R     |  24.000 | 1131.219 | 1145.807 | 
     | FE_RC_11841_0                   | B v -> Y ^    | OAI21xp5_ASAP7_75t_R     |  15.300 | 1146.519 | 1161.107 | 
     | adjacency_product_reg_4__0__15_ | D ^           | ASYNC_DFFHx1_ASAP7_75t_R |   0.100 | 1146.619 | 1161.207 | 
     +------------------------------------------------------------------------------------------------------------+ 
Path 2: MET Setup Check with Pin adjacency_product_reg_4__2__15_/CLK 
Endpoint:   adjacency_product_reg_4__2__15_/D (^) checked with  leading edge of 
'clk'
Beginpoint: check2_reg_0_/QN                  (^) triggered by  leading edge of 
'clk'
Path Groups: {clk}
Analysis View: default_setup_view
Other End Arrival Time        180.800
- Setup                         6.932
+ Phase Shift                 1000.000
- Uncertainty                   0.010
= Required Time               1173.858
- Arrival Time                1149.919
= Slack Time                   23.939
     Clock Rise Edge                 0.000
     + Clock Network Latency (Prop)  -36.081
     = Beginpoint Arrival Time       -36.081
     +------------------------------------------------------------------------------------------------------------+ 
     |            Instance             |      Arc      |           Cell           |  Delay  |  Arrival | Required | 
     |                                 |               |                          |         |   Time   |   Time   | 
     |---------------------------------+---------------+--------------------------+---------+----------+----------| 
     | check2_reg_0_                   | CLK ^         |                          |         |  -36.081 |  -12.142 | 
     | check2_reg_0_                   | CLK ^ -> QN ^ | ASYNC_DFFHx1_ASAP7_75t_R | 104.600 |   68.519 |   92.458 | 
     | U10346                          | A ^ -> Y v    | NOR2xp33_ASAP7_75t_R     |  45.700 |  114.219 |  138.158 | 
     | U10348                          | A v -> Y ^    | NAND2xp5_ASAP7_75t_R     |  50.100 |  164.319 |  188.258 | 
     | U10383                          | B ^ -> Y v    | NOR2xp33_ASAP7_75t_R     |  28.500 |  192.819 |  216.758 | 
     | FE_RC_22332_0                   | A v -> Y ^    | NOR3xp33_ASAP7_75t_R     |  23.500 |  216.319 |  240.258 | 
     | U7363                           | B ^ -> Y v    | OAI21xp5_ASAP7_75t_R     |  15.300 |  231.619 |  255.558 | 
     | FE_RC_22302_0                   | B v -> Y ^    | NOR2xp33_ASAP7_75t_R     |  20.600 |  252.219 |  276.158 | 
     | FE_RC_22301_0                   | B ^ -> Y ^    | AND2x2_ASAP7_75t_R       |  30.300 |  282.519 |  306.458 | 
     | U7350                           | A ^ -> Y v    | NAND2xp5_ASAP7_75t_R     |  31.500 |  314.019 |  337.958 | 
     | U10403                          | B v -> Y ^    | NOR2x1_ASAP7_75t_R       |  47.300 |  361.319 |  385.258 | 
     | FE_OFC6959_n10677               | A ^ -> Y ^    | BUFx2_ASAP7_75t_R        |  47.000 |  408.319 |  432.258 | 
     | FE_OFC6960_n10677               | A ^ -> Y ^    | HB1xp67_ASAP7_75t_R      |  72.600 |  480.919 |  504.858 | 
     | U16292                          | A ^ -> Y v    | NAND2xp5_ASAP7_75t_R     |  26.800 |  507.719 |  531.658 | 
     | U16295                          | A v -> Y ^    | NAND3xp33_ASAP7_75t_R    |  16.000 |  523.719 |  547.658 | 
     | FE_RC_15753_0                   | B ^ -> Y v    | AOI21xp5_ASAP7_75t_R     |  12.700 |  536.419 |  560.358 | 
     | U16296                          | C v -> Y ^    | NAND3xp33_ASAP7_75t_R    |  20.400 |  556.819 |  580.758 | 
     | FE_OFC6961_add_x_23_B_4         | A ^ -> Y v    | INVx1_ASAP7_75t_R        |  23.200 |  580.019 |  603.958 | 
     | FE_RC_14963_0                   | B v -> Y ^    | NAND2xp5_ASAP7_75t_R     |  28.400 |  608.419 |  632.358 | 
     | FE_RC_14951_0                   | B ^ -> Y v    | OAI21xp5_ASAP7_75t_R     |  20.800 |  629.219 |  653.158 | 
     | FE_RC_9885_0                    | A2 v -> Y ^   | OAI21xp5_ASAP7_75t_R     |  35.400 |  664.619 |  688.558 | 
     | FE_RC_15429_0                   | A1 ^ -> Y v   | OAI21xp5_ASAP7_75t_R     |  33.900 |  698.519 |  722.458 | 
     | add_x_23_U22                    | CI v -> CON ^ | FAx1_ASAP7_75t_R         |  38.500 |  737.019 |  760.958 | 
     | add_x_23_U21                    | CI ^ -> CON v | FAx1_ASAP7_75t_R         |  32.700 |  769.719 |  793.658 | 
     | FE_RC_12998_0                   | A v -> Y ^    | INVx1_ASAP7_75t_R        |  23.700 |  793.419 |  817.358 | 
     | FE_RC_12984_0                   | A2 ^ -> Y v   | A2O1A1Ixp33_ASAP7_75t_R  |  39.700 |  833.119 |  857.058 | 
     | FE_RC_22292_0                   | A2 v -> Y ^   | OAI21xp5_ASAP7_75t_R     |  41.700 |  874.819 |  898.758 | 
     | FE_RC_21641_0                   | A1 ^ -> Y v   | OAI21xp5_ASAP7_75t_R     |  30.600 |  905.419 |  929.358 | 
     | add_x_23_U7                     | CI v -> CON ^ | FAx1_ASAP7_75t_R         |  37.200 |  942.619 |  966.558 | 
     | add_x_23_U6                     | CI ^ -> CON v | FAx1_ASAP7_75t_R         |  34.000 |  976.619 | 1000.558 | 
     | FE_RC_2949_0                    | B v -> Y ^    | NAND2xp5_ASAP7_75t_R     |  18.700 |  995.319 | 1019.258 | 
     | U12988                          | C ^ -> Y v    | A2O1A1Ixp33_ASAP7_75t_R  |  31.000 | 1026.319 | 1050.258 | 
     | FE_RC_2927_0                    | B v -> Y ^    | NAND2xp5_ASAP7_75t_R     |  21.500 | 1047.819 | 1071.758 | 
     | U12990                          | C ^ -> Y v    | A2O1A1Ixp33_ASAP7_75t_R  |  41.800 | 1089.619 | 1113.558 | 
     | U12994                          | A v -> Y ^    | NOR2xp33_ASAP7_75t_R     |  21.500 | 1111.119 | 1135.058 | 
     | U12996                          | A ^ -> Y v    | NOR2xp33_ASAP7_75t_R     |  23.500 | 1134.619 | 1158.558 | 
     | U6782                           | B v -> Y ^    | OAI21xp5_ASAP7_75t_R     |  15.200 | 1149.819 | 1173.758 | 
     | adjacency_product_reg_4__2__15_ | D ^           | ASYNC_DFFHx1_ASAP7_75t_R |   0.100 | 1149.919 | 1173.858 | 
     +------------------------------------------------------------------------------------------------------------+ 
Path 3: MET Setup Check with Pin adjacency_product_reg_5__2__15_/CLK 
Endpoint:   adjacency_product_reg_5__2__15_/D (^) checked with  leading edge of 
'clk'
Beginpoint: check2_reg_0_/QN                  (^) triggered by  leading edge of 
'clk'
Path Groups: {clk}
Analysis View: default_setup_view
Other End Arrival Time        180.000
- Setup                         5.801
+ Phase Shift                 1000.000
- Uncertainty                   0.010
= Required Time               1174.189
- Arrival Time                1149.119
= Slack Time                   25.070
     Clock Rise Edge                 0.000
     + Clock Network Latency (Prop)  -36.081
     = Beginpoint Arrival Time       -36.081
     +------------------------------------------------------------------------------------------------------------+ 
     |            Instance             |      Arc      |           Cell           |  Delay  |  Arrival | Required | 
     |                                 |               |                          |         |   Time   |   Time   | 
     |---------------------------------+---------------+--------------------------+---------+----------+----------| 
     | check2_reg_0_                   | CLK ^         |                          |         |  -36.081 |  -11.011 | 
     | check2_reg_0_                   | CLK ^ -> QN ^ | ASYNC_DFFHx1_ASAP7_75t_R | 104.600 |   68.519 |   93.589 | 
     | U10346                          | A ^ -> Y v    | NOR2xp33_ASAP7_75t_R     |  45.700 |  114.219 |  139.289 | 
     | U10348                          | A v -> Y ^    | NAND2xp5_ASAP7_75t_R     |  50.100 |  164.319 |  189.389 | 
     | U10383                          | B ^ -> Y v    | NOR2xp33_ASAP7_75t_R     |  28.500 |  192.819 |  217.889 | 
     | FE_RC_22332_0                   | A v -> Y ^    | NOR3xp33_ASAP7_75t_R     |  23.500 |  216.319 |  241.389 | 
     | U7363                           | B ^ -> Y v    | OAI21xp5_ASAP7_75t_R     |  15.300 |  231.619 |  256.689 | 
     | FE_RC_22302_0                   | B v -> Y ^    | NOR2xp33_ASAP7_75t_R     |  20.600 |  252.219 |  277.289 | 
     | FE_RC_22301_0                   | B ^ -> Y ^    | AND2x2_ASAP7_75t_R       |  30.300 |  282.519 |  307.589 | 
     | U7350                           | A ^ -> Y v    | NAND2xp5_ASAP7_75t_R     |  31.500 |  314.019 |  339.089 | 
     | U10403                          | B v -> Y ^    | NOR2x1_ASAP7_75t_R       |  47.300 |  361.319 |  386.389 | 
     | FE_OFC6959_n10677               | A ^ -> Y ^    | BUFx2_ASAP7_75t_R        |  47.000 |  408.319 |  433.389 | 
     | FE_OFC6960_n10677               | A ^ -> Y ^    | HB1xp67_ASAP7_75t_R      |  72.600 |  480.919 |  505.989 | 
     | U16292                          | A ^ -> Y v    | NAND2xp5_ASAP7_75t_R     |  26.800 |  507.719 |  532.789 | 
     | U16295                          | A v -> Y ^    | NAND3xp33_ASAP7_75t_R    |  16.000 |  523.719 |  548.789 | 
     | FE_RC_15753_0                   | B ^ -> Y v    | AOI21xp5_ASAP7_75t_R     |  12.700 |  536.419 |  561.489 | 
     | U16296                          | C v -> Y ^    | NAND3xp33_ASAP7_75t_R    |  20.400 |  556.819 |  581.889 | 
     | FE_OFC6961_add_x_23_B_4         | A ^ -> Y v    | INVx1_ASAP7_75t_R        |  23.200 |  580.019 |  605.089 | 
     | FE_RC_14963_0                   | B v -> Y ^    | NAND2xp5_ASAP7_75t_R     |  28.400 |  608.419 |  633.489 | 
     | FE_RC_14951_0                   | B ^ -> Y v    | OAI21xp5_ASAP7_75t_R     |  20.800 |  629.219 |  654.289 | 
     | FE_RC_9885_0                    | A2 v -> Y ^   | OAI21xp5_ASAP7_75t_R     |  35.400 |  664.619 |  689.689 | 
     | FE_RC_15429_0                   | A1 ^ -> Y v   | OAI21xp5_ASAP7_75t_R     |  33.900 |  698.519 |  723.589 | 
     | add_x_23_U22                    | CI v -> CON ^ | FAx1_ASAP7_75t_R         |  38.500 |  737.019 |  762.089 | 
     | add_x_23_U21                    | CI ^ -> CON v | FAx1_ASAP7_75t_R         |  32.700 |  769.719 |  794.789 | 
     | FE_RC_12998_0                   | A v -> Y ^    | INVx1_ASAP7_75t_R        |  23.700 |  793.419 |  818.489 | 
     | FE_RC_12984_0                   | A2 ^ -> Y v   | A2O1A1Ixp33_ASAP7_75t_R  |  39.700 |  833.119 |  858.189 | 
     | FE_RC_22292_0                   | A2 v -> Y ^   | OAI21xp5_ASAP7_75t_R     |  41.700 |  874.819 |  899.889 | 
     | FE_RC_21641_0                   | A1 ^ -> Y v   | OAI21xp5_ASAP7_75t_R     |  30.600 |  905.419 |  930.489 | 
     | add_x_23_U7                     | CI v -> CON ^ | FAx1_ASAP7_75t_R         |  37.200 |  942.619 |  967.689 | 
     | add_x_23_U6                     | CI ^ -> CON v | FAx1_ASAP7_75t_R         |  34.000 |  976.619 | 1001.689 | 
     | FE_RC_2949_0                    | B v -> Y ^    | NAND2xp5_ASAP7_75t_R     |  18.700 |  995.319 | 1020.389 | 
     | U12988                          | C ^ -> Y v    | A2O1A1Ixp33_ASAP7_75t_R  |  31.000 | 1026.319 | 1051.389 | 
     | FE_RC_2927_0                    | B v -> Y ^    | NAND2xp5_ASAP7_75t_R     |  21.500 | 1047.819 | 1072.889 | 
     | U12990                          | C ^ -> Y v    | A2O1A1Ixp33_ASAP7_75t_R  |  41.800 | 1089.619 | 1114.689 | 
     | U12991                          | A v -> Y ^    | NOR2xp33_ASAP7_75t_R     |  22.100 | 1111.719 | 1136.789 | 
     | U12993                          | A ^ -> Y v    | NOR2xp33_ASAP7_75t_R     |  22.800 | 1134.519 | 1159.589 | 
     | FE_RC_2929_0                    | B v -> Y ^    | OAI21xp5_ASAP7_75t_R     |  14.500 | 1149.019 | 1174.089 | 
     | adjacency_product_reg_5__2__15_ | D ^           | ASYNC_DFFHx1_ASAP7_75t_R |   0.100 | 1149.119 | 1174.189 | 
     +------------------------------------------------------------------------------------------------------------+ 

